Arguments: 
  /usr/local/bin/node /usr/share/yarn/bin/yarn.js install

PATH: 
  /home/efra/.rvm/gems/ruby-2.4.0/bin:/home/efra/.rvm/gems/ruby-2.4.0@global/bin:/home/efra/.rvm/rubies/ruby-2.4.0/bin:/usr/local/sbin:/usr/local/bin:/usr/sbin:/usr/bin:/sbin:/bin:/usr/games:/usr/local/games:/usr/bin:/home/efra/.rvm/bin:/usr/bin:/home/efra/android/android-sdk-linux/tools:/home/efra/android/android-sdk-linux/platform-tools:/home/efra/android/android-sdk-linux/tools:/home/efra/android/android-sdk-linux/platform-tools:/home/efra/.rvm/bin:/home/efra/.rvm/bin

Yarn version: 
  1.5.1

Node version: 
  8.0.0

Platform: 
  linux x64

npm manifest: 
  {
    "name": "shankAdmin",
    "version": "0.0.0",
    "dependencies": {
      "gulp-run-sequence": "^0.3.2"
    },
    "scripts": {
      "test": "gulp test"
    },
    "devDependencies": {
      "estraverse": "~4.1.0",
      "gulp": "~3.9.0",
      "gulp-autoprefixer": "~3.0.2",
      "gulp-angular-templatecache": "~1.8.0",
      "del": "~2.0.2",
      "lodash": "~3.10.1",
      "gulp-cssnano": "~2.1.1",
      "gulp-filter": "~3.0.1",
      "gulp-flatten": "~0.2.0",
      "gulp-eslint": "~1.0.0",
      "eslint-plugin-angular": "~0.12.0",
      "gulp-load-plugins": "~0.10.0",
      "gulp-size": "~2.0.0",
      "gulp-uglify": "~1.4.1",
      "gulp-useref": "~3.0.3",
      "gulp-util": "~3.0.6",
      "gulp-ng-annotate": "~1.1.0",
      "gulp-replace": "~0.5.4",
      "gulp-rename": "~1.2.2",
      "gulp-rev": "~6.0.1",
      "gulp-rev-replace": "~0.4.2",
      "gulp-htmlmin": "~1.3.0",
      "gulp-inject": "~3.0.0",
      "gulp-protractor": "~2.1.0",
      "gulp-sourcemaps": "~1.6.0",
      "gulp-sass": "~2.0.4",
      "gulp-angular-filesort": "~1.1.1",
      "main-bower-files": "~2.9.0",
      "wiredep": "~2.2.2",
      "karma": "~0.13.10",
      "karma-jasmine": "~0.3.6",
      "karma-phantomjs-launcher": "~0.2.1",
      "phantomjs": "~1.9.18",
      "karma-angular-filesort": "~1.0.0",
      "karma-phantomjs-shim": "~1.2.0",
      "karma-coverage": "~0.5.2",
      "karma-ng-html2js-preprocessor": "~0.2.0",
      "browser-sync": "~2.9.11",
      "browser-sync-spa": "~1.0.3",
      "http-proxy-middleware": "~0.9.0",
      "chalk": "~1.1.1",
      "uglify-save-license": "~0.4.1"
    },
    "engines": {
      "node": ">=0.10.0"
    }
  }

yarn manifest: 
  No manifest

Lockfile: 
  No lockfile

Trace: 
  Error: /home/efra/react-native-projects/shank/web/admin/node_modules/phantomjs: Command failed.
  Exit code: 1
  Command: sh
  Arguments: -c node install.js
  Directory: /home/efra/react-native-projects/shank/web/admin/node_modules/phantomjs
  Output:
  PhantomJS not found on PATH
  Phantom installation failed TypeError: Path must be a string. Received undefined
      at assertPath (path.js:28:11)
      at Object.join (path.js:1232:7)
      at findSuitableTempDirectory (/home/efra/react-native-projects/shank/web/admin/node_modules/phantomjs/install.js:127:30)
      at /home/efra/react-native-projects/shank/web/admin/node_modules/phantomjs/install.js:476:19
      at nextTickCallback (/home/efra/react-native-projects/shank/web/admin/node_modules/kew/kew.js:47:28)
      at _combinedTickCallback (internal/process/next_tick.js:95:7)
      at process._tickCallback (internal/process/next_tick.js:161:9) TypeError: Path must be a string. Received undefined
      at assertPath (path.js:28:11)
      at Object.join (path.js:1232:7)
      at findSuitableTempDirectory (/home/efra/react-native-projects/shank/web/admin/node_modules/phantomjs/install.js:127:30)
      at /home/efra/react-native-projects/shank/web/admin/node_modules/phantomjs/install.js:476:19
      at nextTickCallback (/home/efra/react-native-projects/shank/web/admin/node_modules/kew/kew.js:47:28)
      at _combinedTickCallback (internal/process/next_tick.js:95:7)
      at process._tickCallback (internal/process/next_tick.js:161:9)
      at ProcessTermError.MessageError (/usr/share/yarn/lib/cli.js:186:110)
      at new ProcessTermError (/usr/share/yarn/lib/cli.js:226:113)
      at ChildProcess.<anonymous> (/usr/share/yarn/lib/cli.js:30281:17)
      at emitTwo (events.js:125:13)
      at ChildProcess.emit (events.js:213:7)
      at maybeClose (internal/child_process.js:887:16)
      at Process.ChildProcess._handle.onexit (internal/child_process.js:208:5)
