0 info it worked if it ends with ok
1 verbose cli [ 'C:\\Program Files\\nodejs\\node.exe',
1 verbose cli   'C:\\Program Files\\nodejs\\node_modules\\npm\\bin\\npm-cli.js',
1 verbose cli   'start' ]
2 info using npm@3.10.10
3 info using node@v6.9.5
4 verbose run-script [ 'prestart', 'start', 'poststart' ]
5 info lifecycle server@0.0.0~prestart: server@0.0.0
6 silly lifecycle server@0.0.0~prestart: no script for prestart, continuing
7 info lifecycle server@0.0.0~start: server@0.0.0
8 verbose lifecycle server@0.0.0~start: unsafe-perm in lifecycle true
9 verbose lifecycle server@0.0.0~start: PATH: C:\Program Files\nodejs\node_modules\npm\bin\node-gyp-bin;C:\Users\MnMistake\dev\js\reactNative\shank\server\node_modules\.bin;C:\Program Files\Oculus\Support\oculus-runtime;C:\ProgramData\Oracle\Java\javapath;C:\Windows\system32;C:\Windows;C:\Windows\System32\Wbem;C:\Windows\System32\WindowsPowerShell\v1.0\;C:\Program Files (x86)\AMD\ATI.ACE\Core-Static;C:\Program Files (x86)\Skype\Phone\;C:\Program Files\Microsoft SQL Server\110\Tools\Binn\;C:\xampp\php;C:\ProgramData\ComposerSetup\bin;C:\Program Files (x86)\NVIDIA Corporation\PhysX\Common;C:\Program Files (x86)\GtkSharp\2.12\bin;C:\Go\bin;C:\Program Files\nodejs\;C:\Program Files\PostgreSQL\9.5\bin;C:\Program Files\PostgreSQL\9.5\lib;C:\Windows\system32\config\systemprofile\.dnx\bin;C:\Program Files\Microsoft DNX\Dnvm\;C:\Program Files\Microsoft SQL Server\130\Tools\Binn\;C:\Program Files\Git\cmd;C:\Program Files\dotnet\;C:\Users\MnMistake\AppData\Roaming\npm;C:\Program Files\Microsoft SQL Server\Client SDK\ODBC\110\Tools\Binn\;C:\Program Files (x86)\Microsoft SQL Server\120\Tools\Binn\ManagementStudio\;C:\Program Files (x86)\Microsoft SQL Server\120\Tools\Binn\;C:\Program Files\Microsoft SQL Server\120\Tools\Binn\;C:\Program Files (x86)\Microsoft SQL Server\120\DTS\Binn\;C:\Program Files\Microsoft SQL Server\120\DTS\Binn\;C:\Program Files\PuTTY\;C:\Program Files (x86)\Android SDK\build-tools\25.0.3;C:\Program Files (x86)\Android SDK\platform-tools;C:\Program Files (x86)\Android SDK\platforms\android-25;C:\Users\MnMistake\AppData\Roaming\Python\Scripts;C:\Python27;C:\Ruby24-x64\bin;C:\ProgramData\Oracle\Java\javapath;C:\Windows\system32;C:\Windows;C:\Windows\System32\Wbem;C:\Windows\System32\WindowsPowerShell\v1.0\;C:\Program Files (x86)\AMD\ATI.ACE\Core-Static;C:\Program Files (x86)\Skype\Phone\;C:\Program Files (x86)\Windows Kits\8.1\Windows Performance Toolkit\;C:\Program Files\Microsoft SQL Server\110\Tools\Binn\;C:\HashiCorp\Vagrant\bin;C:\Users\MnMistake\AppData\Local\Programs\Git\cmd;C:\Users\MnMistake\AppData\Local\Programs\Git\mingw64\bin;C:\Users\MnMistake\AppData\Local\Programs\Git\usr\bin;C:\Users\MnMistake\AppData\Roaming\Composer\vendor\bin;C:\php;C:\xampp\php;C:\ProgramData\ComposerSetup\bin\;C:\Program Files\Docker Toolbox;C:\Users\MnMistake\AppData\Roaming\npm;C:\Program Files (x86)\Git\bin;C:\Program Files (x86)\Git\libexec\git-core;C:\Users\MnMistake\AppData\Roaming\npm;C:\Python27\Scripts;C:\Users\MnMistake\dev\go\bin;C:\Program Files\Microsoft VS Code\bin
10 verbose lifecycle server@0.0.0~start: CWD: C:\Users\MnMistake\dev\js\reactNative\shank\server
11 silly lifecycle server@0.0.0~start: Args: [ '/d /s /c', 'node ./bin/www' ]
12 silly lifecycle server@0.0.0~start: Returned: code: 1  signal: null
13 info lifecycle server@0.0.0~start: Failed to exec start script
14 verbose stack Error: server@0.0.0 start: `node ./bin/www`
14 verbose stack Exit status 1
14 verbose stack     at EventEmitter.<anonymous> (C:\Program Files\nodejs\node_modules\npm\lib\utils\lifecycle.js:255:16)
14 verbose stack     at emitTwo (events.js:106:13)
14 verbose stack     at EventEmitter.emit (events.js:191:7)
14 verbose stack     at ChildProcess.<anonymous> (C:\Program Files\nodejs\node_modules\npm\lib\utils\spawn.js:40:14)
14 verbose stack     at emitTwo (events.js:106:13)
14 verbose stack     at ChildProcess.emit (events.js:191:7)
14 verbose stack     at maybeClose (internal/child_process.js:877:16)
14 verbose stack     at Process.ChildProcess._handle.onexit (internal/child_process.js:226:5)
15 verbose pkgid server@0.0.0
16 verbose cwd C:\Users\MnMistake\dev\js\reactNative\shank\server
17 error Windows_NT 6.3.9600
18 error argv "C:\\Program Files\\nodejs\\node.exe" "C:\\Program Files\\nodejs\\node_modules\\npm\\bin\\npm-cli.js" "start"
19 error node v6.9.5
20 error npm  v3.10.10
21 error code ELIFECYCLE
22 error server@0.0.0 start: `node ./bin/www`
22 error Exit status 1
23 error Failed at the server@0.0.0 start script 'node ./bin/www'.
23 error Make sure you have the latest version of node.js and npm installed.
23 error If you do, this is most likely a problem with the server package,
23 error not with npm itself.
23 error Tell the author that this fails on your system:
23 error     node ./bin/www
23 error You can get information on how to open an issue for this project with:
23 error     npm bugs server
23 error Or if that isn't available, you can get their info via:
23 error     npm owner ls server
23 error There is likely additional logging output above.
24 verbose exit [ 1, true ]
